Choose ai difficulty
easy
hard
Is Player1 a human (h) or a computer (c)?
Is Player2 a human (h) or a computer (c)?
Is Player3 a human (h) or a computer (c)?
Is Player4 a human (h) or a computer (c)?
A new round begins. It's Player3's turn to play.
Player3 plays 7S
Player4 plays 6S
Cards on the table:
Club:
Diamond:
Heart:
Spade: 6 7
Your hand: 2D 5D 6D 7D KD AH 3H 7H QH 2S TS JS KS
Legal plays: 7D 7H
player1's turn to move
>Player2 joined the game!
Cards on the table:
Club:
Diamond:
Heart:
Spade: 6 7
Your hand: 2D 5D 6D 7D KD AH 3H 7H QH 2S TS JS KS
Legal plays: 7D 7H
player1's turn to move
>Player3 joined the game!
Cards on the table:
Club:
Diamond:
Heart:
Spade: 6 7
Your hand: 2D 5D 6D 7D KD AH 3H 7H QH 2S TS JS KS
Legal plays: 7D 7H
player1's turn to move
>Player4 joined the game!
Cards on the table:
Club:
Diamond:
Heart:
Spade: 6 7
Your hand: 2D 5D 6D 7D KD AH 3H 7H QH 2S TS JS KS
Legal plays: 7D 7H
player1's turn to move
>Player1 plays 7D
Cards on the table:
Club:
Diamond: 7
Heart:
Spade: 6 7
Your hand: 2C 4C 5C 6C 7C 9C JC KC JD 5H TH 8S 9S
Legal plays: 7C 8S
player2's turn to move
>Player2 plays 7C
Cards on the table:
Club: 7
Diamond: 7
Heart:
Spade: 6 7
Your hand: 8C QC AD 4D TD QD 9H JH AS 4S 5S QS
Legal plays: 8C 5S
player3's turn to move
>Player3 plays 8C
Cards on the table:
Club: 7 8
Diamond: 7
Heart:
Spade: 6 7
Your hand: AC 3C TC 3D 8D 9D 2H 4H 6H 8H KH 3S
Legal plays: 8D
player4's turn to move
>Player4 plays 8D
Cards on the table:
Club: 7 8
Diamond: 7 8
Heart:
Spade: 6 7
Your hand: 2D 5D 6D KD AH 3H 7H QH 2S TS JS KS
Legal plays: 6D 7H
player1's turn to move
>Player1 ragequits, A computer will now take over.
Player1 plays 6D
Cards on the table:
Club: 7 8
Diamond: 6 7 8
Heart:
Spade: 6 7
Your hand: 2C 4C 5C 6C 9C JC KC JD 5H TH 8S 9S
Legal plays: 6C 9C 8S
player2's turn to move
>Player2 ragequits, A computer will now take over.
Player2 plays 6C
Cards on the table:
Club: 6 7 8
Diamond: 6 7 8
Heart:
Spade: 6 7
Your hand: QC AD 4D TD QD 9H JH AS 4S 5S QS
Legal plays: 5S
player3's turn to move
>Player3 ragequits, A computer will now take over.
Player3 plays 5S
Cards on the table:
Club: 6 7 8
Diamond: 6 7 8
Heart:
Spade: 5 6 7
Your hand: AC 3C TC 3D 9D 2H 4H 6H 8H KH 3S
Legal plays: 9D
player4's turn to move
>Player4 ragequits, A computer will now take over.
Player4 plays 9D
Player1 plays 5D
Player2 plays 5C
Player3 plays 4D
Player4 plays 3D
Player1 plays 2D
Player2 plays 4C
Player3 plays AD
Player4 plays 3C
Player1 plays 7H
Player2 plays 2C
Player3 plays TD
Player4 plays AC
Player1 discards KD
Player2 plays 9C
Player3 plays 4S
Player4 plays TC
Player1 discards AH
Player2 plays JC
Player3 plays QC
Player4 plays 6H
Player1 discards 3H
Player2 plays KC
Player3 discards QD
Player4 plays 8H
Player1 discards QH
Player2 plays JD
Player3 plays 9H
Player4 plays 3S
Player1 plays 2S
Player2 plays 5H
Player3 plays AS
Player4 plays 4H
Player1 discards TS
Player2 plays TH
Player3 plays JH
Player4 discards 2H
Player1 discards JS
Player2 plays 8S
Player3 discards QS
Player4 discards KH
Player1 discards KS
Player2 plays 9S
Player1's discards: KD AH 3H QH TS JS KS
Player1's score: 0 + 63 = 63
Player2's discards:
Player2's score: 0 + 0 = 0
Player3's discards: QD QS
Player3's score: 0 + 24 = 24
Player4's discards: 2H KH
Player4's score: 0 + 15 = 15
A new round begins. It's Player2's turn to play.
Player2 plays 7D
Player3 plays 8D
Player4 discards 6C
Player1 plays 7C
Player2 plays 6D
Player3 discards 3C
Player4 plays 8C
Player1 plays 9C
Player2 plays 5D
Player3 plays 4D
Player4 discards QC
Player1 plays TC
Player2 plays 7H
Player3 plays JC
Player4 discards AD
Player1 plays 9D
Player2 plays 6H
Player3 plays 3D
Player4 plays 5H
Player1 plays TD
Player2 plays 7S
Player3 plays 2D
Player4 plays JD
Player1 discards AC
Player2 discards KD
Player3 plays QD
Player4 plays 4H
Player1 discards 2C
Player2 discards JH
Player3 plays 8H
Player4 plays 3H
Player1 plays 2H
Player2 discards QH
Player3 plays 6S
Player4 plays AH
Player1 plays 9H
Player2 discards 3S
Player3 plays 8S
Player4 plays 5S
Player1 plays TH
Player2 plays 9S
Player3 discards 4C
Player4 plays 4S
Player1 discards 5C
Player2 discards JS
Player3 discards KC
Player4 plays TS
Player1 discards AS
Player2 discards KS
Player3 discards 2S
Player4 discards KH
Player1 discards QS
Player1's discards: AC 2C 5C AS QS
Player1's score: 63 + 21 = 84
Player2's discards: KD JH QH 3S JS KS
Player2's score: 0 + 63 = 63
Player3's discards: 3C 4C KC 2S
Player3's score: 24 + 22 = 46
Player4's discards: 6C QC AD KH
Player4's score: 15 + 32 = 47
Player3 wins
