Choose ai difficulty
easy
hard
Is Player1 a human (h) or a computer (c)?
Is Player2 a human (h) or a computer (c)?
Is Player3 a human (h) or a computer (c)?
Is Player4 a human (h) or a computer (c)?
A new round begins. It's Player4's turn to play.
Player4 plays 7D
Cards on the table:
Club:
Diamond: 7
Heart:
Spade:
Your hand: 5C 6C JC 2D 6D TD JD TH KH 3S 5S TS KS
Legal plays: 6D
player1's turn to move
> KH 6D JD 5S 2D TD 6C 3S 5C TH KS JC TS
 2S 8D 2H QC KC QH 9H QS 4D 8S 7H 2C 7C
 6H 8H 3H JS 9S AD 6S AS KD 3D 9C JH 5D
 3C QD TC 4C 9D 7S 4H AH 5H 4S 8C AC 7D
Cards on the table:
Club:
Diamond: 7
Heart:
Spade:
Your hand: 5C 6C JC 2D 6D TD JD TH KH 3S 5S TS KS
Legal plays: 6D
player1's turn to move
>A new round begins. It's Player3's turn to play.
Player3 plays 7C
Player4 discards 2C
Cards on the table:
Club: 7
Diamond:
Heart:
Spade:
Your hand: TC 2D 3D 5D 7D 8D 9D TD 7H QH 4S 8S KS
Legal plays: 7D 7H
player1's turn to move
> 5D QH 7H 9D 8D 8S TD TC 2D 3D 7D KS 4S
 QD QS 8H JC TS JH KD AC QC AH 6S 6D 6C
 AD AS 3H 8C 5H 2S 7S 3C 7C 2H 5C 9C KC
 JD 2C TH 5S 4D 4H JS 6H 9S 4C 3S KH 9H
Cards on the table:
Club: 7
Diamond:
Heart:
Spade:
Your hand: TC 2D 3D 5D 7D 8D 9D TD 7H QH 4S 8S KS
Legal plays: 7D 7H
player1's turn to move
>